2016-08-08 11:53:42
-------------------------------------------------------------------------
NewBroadband Test20160808115339227

2016-08-08 11:54:08
-------------------------------------------------------------------------
NewBroadband Test20160808115408019

2016-08-08 11:54:08
-------------------------------------------------------------------------
NewBroadband Test20160808115408019 spend 0.11 s

2016-08-08 11:54:14
-------------------------------------------------------------------------
NewBroadband Test20160808115414466

2016-08-08 11:54:14
-------------------------------------------------------------------------
NewBroadband Test20160808115414466 spend 0.002 s

2016-08-08 11:54:19
-------------------------------------------------------------------------
AddBroadband Test20160808115419435

2016-08-08 11:54:19
-------------------------------------------------------------------------
AddBroadband Test20160808115419435 spend 0.009 s

2016-08-08 11:54:25
-------------------------------------------------------------------------
AddIMS Test20160808115425341

2016-08-08 11:54:25
-------------------------------------------------------------------------
AddIMS Test20160808115425341 spend 0.022 s

2016-08-08 11:54:31
-------------------------------------------------------------------------
DelBroadband Test20160808115431539

2016-08-08 11:54:31
-------------------------------------------------------------------------
DelBroadband Test20160808115431539 spend 0.002 s

2016-08-08 11:54:37
-------------------------------------------------------------------------
DelIMS Test20160808115437782

2016-08-08 11:54:37
-------------------------------------------------------------------------
DelIMS Test20160808115437782 spend 0.002 s

2016-08-08 11:54:43
-------------------------------------------------------------------------
DelONU Test20160808115443902

2016-08-08 11:58:09
-------------------------------------------------------------------------
NewBroadband Test20160808115807403

2016-08-08 11:58:09
-------------------------------------------------------------------------
NewBroadband Test20160808115807403 spend 0.279 s

2016-08-08 11:58:18
-------------------------------------------------------------------------
NewIMS Test20160808115818089

2016-08-08 11:58:18
-------------------------------------------------------------------------
NewIMS Test20160808115818089 spend 0.003 s

2016-08-08 11:58:23
-------------------------------------------------------------------------
AddBroadband Test20160808115823189

2016-08-08 11:58:23
-------------------------------------------------------------------------
AddBroadband Test20160808115823189 spend 0.001 s

2016-08-08 11:58:27
-------------------------------------------------------------------------
AddIMS Test20160808115827806

2016-08-08 11:58:27
-------------------------------------------------------------------------
AddIMS Test20160808115827806 spend 0.003 s

2016-08-08 11:58:32
-------------------------------------------------------------------------
DelBroadband Test20160808115832955

2016-08-08 11:58:32
-------------------------------------------------------------------------
DelBroadband Test20160808115832955 spend 0.003 s

2016-08-08 11:58:38
-------------------------------------------------------------------------
DelIMS Test20160808115838321

2016-08-08 11:58:38
-------------------------------------------------------------------------
DelIMS Test20160808115838321 spend 0.025 s

2016-08-08 11:58:44
-------------------------------------------------------------------------
DelONU Test20160808115844260

2016-08-08 11:58:44
-------------------------------------------------------------------------
DelONU Test20160808115844260 spend 0.003 s

2016-08-08 12:01:48
-------------------------------------------------------------------------
NewBroadband Test20160808120146516

2016-08-08 12:01:48
-------------------------------------------------------------------------
NewBroadband Test20160808120146516 spend 0.014 s

2016-08-08 12:01:52
-------------------------------------------------------------------------
NewIMS Test20160808120152614

2016-08-08 12:01:52
-------------------------------------------------------------------------
NewIMS Test20160808120152614 spend 0.002 s

2016-08-08 12:01:56
-------------------------------------------------------------------------
AddBroadband Test20160808120156473

2016-08-08 12:01:56
-------------------------------------------------------------------------
AddBroadband Test20160808120156473 spend 0.002 s

2016-08-08 12:02:01
-------------------------------------------------------------------------
AddIMS Test20160808120200972

2016-08-08 12:02:01
-------------------------------------------------------------------------
AddIMS Test20160808120200972 spend 0.002 s

2016-08-08 12:02:04
-------------------------------------------------------------------------
DelBroadband Test20160808120204970

2016-08-08 12:02:04
-------------------------------------------------------------------------
DelBroadband Test20160808120204970 spend 0.002 s

2016-08-08 12:02:09
-------------------------------------------------------------------------
DelIMS Test20160808120209030

2016-08-08 12:02:09
-------------------------------------------------------------------------
DelIMS Test20160808120209030 spend 0.002 s

2016-08-08 12:02:13
-------------------------------------------------------------------------
DelONU Test20160808120213001

2016-08-08 12:02:13
-------------------------------------------------------------------------
DelONU Test20160808120213001 spend 0.002 s

